=== Execução Python iniciada em 2025-10-08 18:58:43 ===
Iniciando a automação de dados MIBGAS... Ficheiro alvo: /home/runner/work/simulador-tarifarios-gas/simulador-tarifarios-gas/Tarifarios_🔥_Gas_Natural_Tiago_Felicia.xlsx
A procurar dados SPOT MIBGAS (da aba MIBGAS Indexes)...
  > A tentar descarregar o ficheiro para o ano 2024...
  > Sucesso! Processados 366 registos de MIBGAS Indexes para 2024.
  > A tentar descarregar o ficheiro para o ano 2025...
  > Sucesso! Processados 282 registos de MIBGAS Indexes para 2025.
A procurar preços FUTUROS de gás no OMIP...
  > A tentar obter dados para a data: 2025-10-08...
  > A usar o Selenium para obter o HTML completo (executa JavaScript)...
  > Sucesso! HTML completo obtido.
  > Não foram encontrados dados para 2025-10-08 ou erro no Selenium. Tentando o dia anterior... Erro: Missing optional dependency 'lxml'.  Use pip or conda to install lxml.
  > A tentar obter dados para a data: 2025-10-07...
  > A usar o Selenium para obter o HTML completo (executa JavaScript)...
  > Sucesso! HTML completo obtido.
  > Não foram encontrados dados para 2025-10-07 ou erro no Selenium. Tentando o dia anterior... Erro: Missing optional dependency 'lxml'.  Use pip or conda to install lxml.
  > A tentar obter dados para a data: 2025-10-06...
  > A usar o Selenium para obter o HTML completo (executa JavaScript)...
  > Sucesso! HTML completo obtido.
  > Não foram encontrados dados para 2025-10-06 ou erro no Selenium. Tentando o dia anterior... Erro: Missing optional dependency 'lxml'.  Use pip or conda to install lxml.
  > A tentar obter dados para a data: 2025-10-05...
  > A usar o Selenium para obter o HTML completo (executa JavaScript)...
  > Sucesso! HTML completo obtido.
  > Não foram encontrados dados para 2025-10-05 ou erro no Selenium. Tentando o dia anterior... Erro: Missing optional dependency 'lxml'.  Use pip or conda to install lxml.
  > A tentar obter dados para a data: 2025-10-04...
  > A usar o Selenium para obter o HTML completo (executa JavaScript)...
  > Sucesso! HTML completo obtido.
  > Não foram encontrados dados para 2025-10-04 ou erro no Selenium. Tentando o dia anterior... Erro: Missing optional dependency 'lxml'.  Use pip or conda to install lxml.
  > A tentar obter dados para a data: 2025-10-03...
  > A usar o Selenium para obter o HTML completo (executa JavaScript)...
  > Sucesso! HTML completo obtido.
  > Não foram encontrados dados para 2025-10-03 ou erro no Selenium. Tentando o dia anterior... Erro: Missing optional dependency 'lxml'.  Use pip or conda to install lxml.
  > A tentar obter dados para a data: 2025-10-02...
  > A usar o Selenium para obter o HTML completo (executa JavaScript)...
  > Sucesso! HTML completo obtido.
  > Não foram encontrados dados para 2025-10-02 ou erro no Selenium. Tentando o dia anterior... Erro: Missing optional dependency 'lxml'.  Use pip or conda to install lxml.
  > Nenhuma tabela de futuros encontrada no OMIP nos últimos 7 dias.
Série temporal de preços MIBGAS criada com sucesso.
Última data SPOT encontrada para registar: 2025-10-09

✅ Ficheiro 'Tarifarios_🔥_Gas_Natural_Tiago_Felicia.xlsx' atualizado com sucesso nas abas 'MIBGAS' e 'Info'.
=== Execução terminada em 2025-10-08 18:59:29 ===
Duração total: 46 segundos.

=== Execução Python iniciada em 2025-10-09 18:58:28 ===
Iniciando a automação de dados MIBGAS... Ficheiro alvo: /home/runner/work/simulador-tarifarios-gas/simulador-tarifarios-gas/Tarifarios_🔥_Gas_Natural_Tiago_Felicia.xlsx
A procurar dados SPOT MIBGAS (da aba MIBGAS Indexes)...
  > A tentar descarregar o ficheiro para o ano 2024...
  > Sucesso! Processados 366 registos de MIBGAS Indexes para 2024.
  > A tentar descarregar o ficheiro para o ano 2025...
  > Sucesso! Processados 283 registos de MIBGAS Indexes para 2025.
A procurar preços FUTUROS de gás no OMIP...
  > A tentar obter dados para a data: 2025-10-09...
  > A usar o Selenium para obter o HTML completo (executa JavaScript)...
  > Sucesso! HTML completo obtido.
  > Não foram encontrados dados para 2025-10-09 ou erro no Selenium. Tentando o dia anterior... Erro: Missing optional dependency 'lxml'.  Use pip or conda to install lxml.
  > A tentar obter dados para a data: 2025-10-08...
  > A usar o Selenium para obter o HTML completo (executa JavaScript)...
  > Sucesso! HTML completo obtido.
  > Não foram encontrados dados para 2025-10-08 ou erro no Selenium. Tentando o dia anterior... Erro: Missing optional dependency 'lxml'.  Use pip or conda to install lxml.
  > A tentar obter dados para a data: 2025-10-07...
  > A usar o Selenium para obter o HTML completo (executa JavaScript)...
  > Sucesso! HTML completo obtido.
  > Não foram encontrados dados para 2025-10-07 ou erro no Selenium. Tentando o dia anterior... Erro: Missing optional dependency 'lxml'.  Use pip or conda to install lxml.
  > A tentar obter dados para a data: 2025-10-06...
  > A usar o Selenium para obter o HTML completo (executa JavaScript)...
  > Sucesso! HTML completo obtido.
  > Não foram encontrados dados para 2025-10-06 ou erro no Selenium. Tentando o dia anterior... Erro: Missing optional dependency 'lxml'.  Use pip or conda to install lxml.
  > A tentar obter dados para a data: 2025-10-05...
  > A usar o Selenium para obter o HTML completo (executa JavaScript)...
  > Sucesso! HTML completo obtido.
  > Não foram encontrados dados para 2025-10-05 ou erro no Selenium. Tentando o dia anterior... Erro: Missing optional dependency 'lxml'.  Use pip or conda to install lxml.
  > A tentar obter dados para a data: 2025-10-04...
  > A usar o Selenium para obter o HTML completo (executa JavaScript)...
  > Sucesso! HTML completo obtido.
  > Não foram encontrados dados para 2025-10-04 ou erro no Selenium. Tentando o dia anterior... Erro: Missing optional dependency 'lxml'.  Use pip or conda to install lxml.
  > A tentar obter dados para a data: 2025-10-03...
  > A usar o Selenium para obter o HTML completo (executa JavaScript)...
  > Sucesso! HTML completo obtido.
  > Não foram encontrados dados para 2025-10-03 ou erro no Selenium. Tentando o dia anterior... Erro: Missing optional dependency 'lxml'.  Use pip or conda to install lxml.
  > Nenhuma tabela de futuros encontrada no OMIP nos últimos 7 dias.
Série temporal de preços MIBGAS criada com sucesso.
Última data SPOT encontrada para registar: 2025-10-10

✅ Ficheiro 'Tarifarios_🔥_Gas_Natural_Tiago_Felicia.xlsx' atualizado com sucesso nas abas 'MIBGAS' e 'Info'.
=== Execução terminada em 2025-10-09 18:59:19 ===
Duração total: 51 segundos.

=== Execução Python iniciada em 2025-10-10 18:58:57 ===
Iniciando a automação de dados MIBGAS... Ficheiro alvo: /home/runner/work/simulador-tarifarios-gas/simulador-tarifarios-gas/Tarifarios_🔥_Gas_Natural_Tiago_Felicia.xlsx
A procurar dados SPOT MIBGAS (da aba MIBGAS Indexes)...
  > A tentar descarregar o ficheiro para o ano 2024...
  > Sucesso! Processados 366 registos de MIBGAS Indexes para 2024.
  > A tentar descarregar o ficheiro para o ano 2025...
  > Sucesso! Processados 286 registos de MIBGAS Indexes para 2025.
A procurar preços FUTUROS de gás no OMIP...
  > A tentar obter dados para a data: 2025-10-10...
  > A usar o Selenium para obter o HTML completo (executa JavaScript)...
  > Sucesso! HTML completo obtido.
  > Não foram encontrados dados para 2025-10-10 ou erro no Selenium. Tentando o dia anterior... Erro: Missing optional dependency 'lxml'.  Use pip or conda to install lxml.
  > A tentar obter dados para a data: 2025-10-09...
  > A usar o Selenium para obter o HTML completo (executa JavaScript)...
  > Sucesso! HTML completo obtido.
  > Não foram encontrados dados para 2025-10-09 ou erro no Selenium. Tentando o dia anterior... Erro: Missing optional dependency 'lxml'.  Use pip or conda to install lxml.
  > A tentar obter dados para a data: 2025-10-08...
  > A usar o Selenium para obter o HTML completo (executa JavaScript)...
  > Sucesso! HTML completo obtido.
  > Não foram encontrados dados para 2025-10-08 ou erro no Selenium. Tentando o dia anterior... Erro: Missing optional dependency 'lxml'.  Use pip or conda to install lxml.
  > A tentar obter dados para a data: 2025-10-07...
  > A usar o Selenium para obter o HTML completo (executa JavaScript)...
  > Sucesso! HTML completo obtido.
  > Não foram encontrados dados para 2025-10-07 ou erro no Selenium. Tentando o dia anterior... Erro: Missing optional dependency 'lxml'.  Use pip or conda to install lxml.
  > A tentar obter dados para a data: 2025-10-06...
  > A usar o Selenium para obter o HTML completo (executa JavaScript)...
  > Sucesso! HTML completo obtido.
  > Não foram encontrados dados para 2025-10-06 ou erro no Selenium. Tentando o dia anterior... Erro: Missing optional dependency 'lxml'.  Use pip or conda to install lxml.
  > A tentar obter dados para a data: 2025-10-05...
  > A usar o Selenium para obter o HTML completo (executa JavaScript)...
  > Sucesso! HTML completo obtido.
  > Não foram encontrados dados para 2025-10-05 ou erro no Selenium. Tentando o dia anterior... Erro: Missing optional dependency 'lxml'.  Use pip or conda to install lxml.
  > A tentar obter dados para a data: 2025-10-04...
  > A usar o Selenium para obter o HTML completo (executa JavaScript)...
  > Sucesso! HTML completo obtido.
  > Não foram encontrados dados para 2025-10-04 ou erro no Selenium. Tentando o dia anterior... Erro: Missing optional dependency 'lxml'.  Use pip or conda to install lxml.
  > Nenhuma tabela de futuros encontrada no OMIP nos últimos 7 dias.
Série temporal de preços MIBGAS criada com sucesso.
Última data SPOT encontrada para registar: 2025-10-13

✅ Ficheiro 'Tarifarios_🔥_Gas_Natural_Tiago_Felicia.xlsx' atualizado com sucesso nas abas 'MIBGAS' e 'Info'.
=== Execução terminada em 2025-10-10 18:59:49 ===
Duração total: 52 segundos.

